<?xml version="1.0" encoding="UTF-8"?>
<testsuite name="org.example.SILab2Test" tests="2" skipped="0" failures="0" errors="0" timestamp="2024-05-26T16:34:49" hostname="DESKTOP-4FCBMPE" time="0.031">
  <properties/>
  <testcase name="checkMultipleConditions()" classname="org.example.SILab2Test" time="0.027"/>
  <testcase name="checkEveryBranch()" classname="org.example.SILab2Test" time="0.004"/>
  <system-out><![CDATA[]]></system-out>
  <system-err><![CDATA[]]></system-err>
</testsuite>
